\BOOKMARK [0][-]{title.0}{Title}{}% 1
\BOOKMARK [0][-]{abstract.0}{Abstract}{}% 2
\BOOKMARK [0][-]{acknowledgements.0}{Acknowledgements}{}% 3
\BOOKMARK [0][-]{contents.0}{Contents}{}% 4
\BOOKMARK [1][-]{listoffigures.1}{List of Figures}{contents.0}% 5
\BOOKMARK [1][-]{listoftables.1}{List of Tables}{contents.0}% 6
\BOOKMARK [1][-]{listofalgorithms.1}{List of Algorithms}{contents.0}% 7
\BOOKMARK [0][-]{chapter.1}{1 Introduction}{}% 8
\BOOKMARK [1][-]{section.1.1}{1.1 Outline}{chapter.1}% 9
\BOOKMARK [1][-]{section.1.2}{1.2 Related Work}{chapter.1}% 10
\BOOKMARK [1][-]{section.1.3}{1.3 Contributions}{chapter.1}% 11
\BOOKMARK [1][-]{section.1.4}{1.4 Motivation and Applications}{chapter.1}% 12
\BOOKMARK [0][-]{chapter.2}{2 3D Model of Object Context}{}% 13
\BOOKMARK [1][-]{section.2.1}{2.1 Challenges}{chapter.2}% 14
\BOOKMARK [1][-]{section.2.2}{2.2 2D vs 3D context, benefits of 3D}{chapter.2}% 15
\BOOKMARK [1][-]{section.2.3}{2.3 Methodology}{chapter.2}% 16
\BOOKMARK [2][-]{subsection.2.3.1}{2.3.1 Defining some used terms}{section.2.3}% 17
\BOOKMARK [2][-]{subsection.2.3.2}{2.3.2 Object context descriptor}{section.2.3}% 18
\BOOKMARK [1][-]{section.2.4}{2.4 Implementation}{chapter.2}% 19
\BOOKMARK [2][-]{subsection.2.4.1}{2.4.1 PreProcess}{section.2.4}% 20
\BOOKMARK [2][-]{subsection.2.4.2}{2.4.2 Annotation}{section.2.4}% 21
\BOOKMARK [2][-]{subsection.2.4.3}{2.4.3 FeatureExtract}{section.2.4}% 22
\BOOKMARK [2][-]{subsection.2.4.4}{2.4.4 Learning}{section.2.4}% 23
\BOOKMARK [2][-]{subsection.2.4.5}{2.4.5 Visualization}{section.2.4}% 24
\BOOKMARK [2][-]{subsection.2.4.6}{2.4.6 Parameters}{section.2.4}% 25
\BOOKMARK [1][-]{section.2.5}{2.5 Qualitative study of samples}{chapter.2}% 26
\BOOKMARK [0][-]{chapter.3}{3 Evaluation}{}% 27
\BOOKMARK [1][-]{section.3.1}{3.1 Experimental Setup}{chapter.3}% 28
\BOOKMARK [1][-]{section.3.2}{3.2 Evaluation metric}{chapter.3}% 29
\BOOKMARK [1][-]{section.3.3}{3.3 Results}{chapter.3}% 30
\BOOKMARK [0][-]{chapter.4}{4 Conclusion and future work}{}% 31
\BOOKMARK [1][-]{section.4.1}{4.1 3D Object Context for place Classification}{chapter.4}% 32
\BOOKMARK [2][-]{subsection.4.1.1}{4.1.1 Brief overview of approaches to place classification}{section.4.1}% 33
\BOOKMARK [2][-]{subsection.4.1.2}{4.1.2 Ground Truth}{section.4.1}% 34
\BOOKMARK [2][-]{subsection.4.1.3}{4.1.3 Benefits of Object Context for Place Classification}{section.4.1}% 35
\BOOKMARK [2][-]{subsection.4.1.4}{4.1.4 Place classification}{section.4.1}% 36
\BOOKMARK [1][-]{section.4.2}{4.2 Future work}{chapter.4}% 37
\BOOKMARK [0][-]{section*.18}{References}{}% 38
